# JRE version: OpenJDK Runtime Environment (8.0_76-b03) (build 1.8.0_76-release-b03)
# Java VM: OpenJDK 64-Bit Server VM (25.76-b03 mixed mode windows-amd64 compressed oops)
Heap:
 PSYoungGen      total 434176K, used 158778K [0x00000000e0000000, 0x00000000ffe80000, 0x0000000100000000)
  eden space 402944K, 36% used [0x00000000e0000000,0x00000000e8dfbdb8,0x00000000f8980000)
  from space 31232K, 42% used [0x00000000f8980000,0x00000000f9692b40,0x00000000fa800000)
  to   space 29184K, 0% used [0x00000000fe200000,0x00000000fe200000,0x00000000ffe80000)
 ParOldGen       total 112640K, used 52291K [0x00000000a0000000, 0x00000000a6e00000, 0x00000000e0000000)
  object space 112640K, 46% used [0x00000000a0000000,0x00000000a3310f30,0x00000000a6e00000)
 Metaspace       used 64505K, capacity 67686K, committed 67840K, reserved 1107968K
  class space    used 8527K, capacity 9195K, committed 9216K, reserved 1048576K
GC Heap History (10 events):
Event: 72.363 GC heap before
{Heap before GC invocations=8 (full 2):
 PSYoungGen      total 138240K, used 133120K [0x00000000e0000000, 0x00000000f1a80000, 0x0000000100000000)
  eden space 133120K, 100% used [0x00000000e0000000,0x00000000e8200000,0x00000000e8200000)
  from space 5120K, 0% used [0x00000000e8200000,0x00000000e8200000,0x00000000e8700000)
  to   space 16384K, 0% used [0x00000000f0a80000,0x00000000f0a80000,0x00000000f1a80000)
 ParOldGen       total 70656K, used 18885K [0x00000000a0000000, 0x00000000a4500000, 0x00000000e0000000)
  object space 70656K, 26% used [0x00000000a0000000,0x00000000a1271410,0x00000000a4500000)
 Metaspace       used 45461K, capacity 46422K, committed 46720K, reserved 1089536K
  class space    used 6020K, capacity 6258K, committed 6272K, reserved 1048576K
Event: 72.379 GC heap after
Heap after GC invocations=8 (full 2):
 PSYoungGen      total 249344K, used 13807K [0x00000000e0000000, 0x00000000f1800000, 0x0000000100000000)
  eden space 235520K, 0% used [0x00000000e0000000,0x00000000e0000000,0x00000000ee600000)
  from space 13824K, 99% used [0x00000000f0a80000,0x00000000f17fbe00,0x00000000f1800000)
  to   space 17920K, 0% used [0x00000000ef500000,0x00000000ef500000,0x00000000f0680000)
 ParOldGen       total 70656K, used 18893K [0x00000000a0000000, 0x00000000a4500000, 0x00000000e0000000)
  object space 70656K, 26% used [0x00000000a0000000,0x00000000a1273410,0x00000000a4500000)
 Metaspace       used 45461K, capacity 46422K, committed 46720K, reserved 1089536K
  class space    used 6020K, capacity 6258K, committed 6272K, reserved 1048576K
}
Event: 85.049 GC heap before
{Heap before GC invocations=9 (full 2):
 PSYoungGen      total 249344K, used 249327K [0x00000000e0000000, 0x00000000f1800000, 0x0000000100000000)
  eden space 235520K, 100% used [0x00000000e0000000,0x00000000ee600000,0x00000000ee600000)
  from space 13824K, 99% used [0x00000000f0a80000,0x00000000f17fbe00,0x00000000f1800000)
  to   space 17920K, 0% used [0x00000000ef500000,0x00000000ef500000,0x00000000f0680000)
 ParOldGen       total 70656K, used 18893K [0x00000000a0000000, 0x00000000a4500000, 0x00000000e0000000)
  object space 70656K, 26% used [0x00000000a0000000,0x00000000a1273410,0x00000000a4500000)
 Metaspace       used 53824K, capacity 55924K, committed 56064K, reserved 1097728K
  class space    used 7344K, capacity 7833K, committed 7936K, reserved 1048576K
Event: 85.084 GC heap after
Heap after GC invocations=9 (full 2):
 PSYoungGen      total 268800K, used 17907K [0x00000000e0000000, 0x00000000fc400000, 0x0000000100000000)
  eden space 250880K, 0% used [0x00000000e0000000,0x00000000e0000000,0x00000000ef500000)
  from space 17920K, 99% used [0x00000000ef500000,0x00000000f067cea0,0x00000000f0680000)
  to   space 28672K, 0% used [0x00000000fa800000,0x00000000fa800000,0x00000000fc400000)
 ParOldGen       total 70656K, used 34722K [0x00000000a0000000, 0x00000000a4500000, 0x00000000e0000000)
  object space 70656K, 49% used [0x00000000a0000000,0x00000000a21e8998,0x00000000a4500000)
 Metaspace       used 53824K, capacity 55924K, committed 56064K, reserved 1097728K
  class space    used 7344K, capacity 7833K, committed 7936K, reserved 1048576K
}
Event: 95.072 GC heap before
{Heap before GC invocations=10 (full 2):
 PSYoungGen      total 268800K, used 98460K [0x00000000e0000000, 0x00000000fc400000, 0x0000000100000000)
  eden space 250880K, 32% used [0x00000000e0000000,0x00000000e4eaa1e8,0x00000000ef500000)
  from space 17920K, 99% used [0x00000000ef500000,0x00000000f067cea0,0x00000000f0680000)
  to   space 28672K, 0% used [0x00000000fa800000,0x00000000fa800000,0x00000000fc400000)
 ParOldGen       total 70656K, used 34722K [0x00000000a0000000, 0x00000000a4500000, 0x00000000e0000000)
  object space 70656K, 49% used [0x00000000a0000000,0x00000000a21e8998,0x00000000a4500000)
 Metaspace       used 56560K, capacity 58920K, committed 59028K, reserved 1099776K
  class space    used 7593K, capacity 8098K, committed 8192K, reserved 1048576K
Event: 97.614 GC heap after
Heap after GC invocations=10 (full 2):
 PSYoungGen      total 431616K, used 22791K [0x00000000e0000000, 0x0000000100000000, 0x0000000100000000)
  eden space 402944K, 0% used [0x00000000e0000000,0x00000000e0000000,0x00000000f8980000)
  from space 28672K, 79% used [0x00000000fa800000,0x00000000fbe41d38,0x00000000fc400000)
  to   space 31232K, 0% used [0x00000000f8980000,0x00000000f8980000,0x00000000fa800000)
 ParOldGen       total 70656K, used 34722K [0x00000000a0000000, 0x00000000a4500000, 0x00000000e0000000)
  object space 70656K, 49% used [0x00000000a0000000,0x00000000a21e8998,0x00000000a4500000)
 Metaspace       used 56560K, capacity 58920K, committed 59028K, reserved 1099776K
  class space    used 7593K, capacity 8098K, committed 8192K, reserved 1048576K
}
Event: 97.614 GC heap before
{Heap before GC invocations=11 (full 3):
 PSYoungGen      total 431616K, used 22791K [0x00000000e0000000, 0x0000000100000000, 0x0000000100000000)
  eden space 402944K, 0% used [0x00000000e0000000,0x00000000e0000000,0x00000000f8980000)
  from space 28672K, 79% used [0x00000000fa800000,0x00000000fbe41d38,0x00000000fc400000)
  to   space 31232K, 0% used [0x00000000f8980000,0x00000000f8980000,0x00000000fa800000)
 ParOldGen       total 70656K, used 34722K [0x00000000a0000000, 0x00000000a4500000, 0x00000000e0000000)
  object space 70656K, 49% used [0x00000000a0000000,0x00000000a21e8998,0x00000000a4500000)
 Metaspace       used 56560K, capacity 58920K, committed 59028K, reserved 1099776K
  class space    used 7593K, capacity 8098K, committed 8192K, reserved 1048576K
Event: 98.478 GC heap after
Heap after GC invocations=11 (full 3):
 PSYoungGen      total 431616K, used 0K [0x00000000e0000000, 0x0000000100000000, 0x0000000100000000)
  eden space 402944K, 0% used [0x00000000e0000000,0x00000000e0000000,0x00000000f8980000)
  from space 28672K, 0% used [0x00000000fa800000,0x00000000fa800000,0x00000000fc400000)
  to   space 31232K, 0% used [0x00000000f8980000,0x00000000f8980000,0x00000000fa800000)
 ParOldGen       total 112640K, used 52283K [0x00000000a0000000, 0x00000000a6e00000, 0x00000000e0000000)
  object space 112640K, 46% used [0x00000000a0000000,0x00000000a330ef30,0x00000000a6e00000)
 Metaspace       used 56560K, capacity 58920K, committed 59028K, reserved 1099776K
  class space    used 7593K, capacity 8098K, committed 8192K, reserved 1048576K
}
Event: 909.952 GC heap before
{Heap before GC invocations=12 (full 3):
 PSYoungGen      total 431616K, used 402944K [0x00000000e0000000, 0x0000000100000000, 0x0000000100000000)
  eden space 402944K, 100% used [0x00000000e0000000,0x00000000f8980000,0x00000000f8980000)
  from space 28672K, 0% used [0x00000000fa800000,0x00000000fa800000,0x00000000fc400000)
  to   space 31232K, 0% used [0x00000000f8980000,0x00000000f8980000,0x00000000fa800000)
 ParOldGen       total 112640K, used 52283K [0x00000000a0000000, 0x00000000a6e00000, 0x00000000e0000000)
  object space 112640K, 46% used [0x00000000a0000000,0x00000000a330ef30,0x00000000a6e00000)
 Metaspace       used 62416K, capacity 65352K, committed 65536K, reserved 1105920K
  class space    used 8226K, capacity 8852K, committed 8960K, reserved 1048576K
Event: 910.112 GC heap after
Heap after GC invocations=12 (full 3):
 PSYoungGen      total 434176K, used 13386K [0x00000000e0000000, 0x00000000ffe80000, 0x0000000100000000)
  eden space 402944K, 0% used [0x00000000e0000000,0x00000000e0000000,0x00000000f8980000)
  from space 31232K, 42% used [0x00000000f8980000,0x00000000f9692b40,0x00000000fa800000)
  to   space 29184K, 0% used [0x00000000fe200000,0x00000000fe200000,0x00000000ffe80000)
 ParOldGen       total 112640K, used 52291K [0x00000000a0000000, 0x00000000a6e00000, 0x00000000e0000000)
  object space 112640K, 46% used [0x00000000a0000000,0x00000000a3310f30,0x00000000a6e00000)
 Metaspace       used 62416K, capacity 65352K, committed 65536K, reserved 1105920K
  class space    used 8226K, capacity 8852K, committed 8960K, reserved 1048576K
}

